Running: /opt/Xilinx/14.7/ISE_DS/ISE/bin/lin64/unwrapped/fuse -intstyle ise -incremental -o /home/ise/mano_vhd/BasicComputer_isim_beh.exe -prj /home/ise/mano_vhd/BasicComputer_beh.prj work.BasicComputer 
ISim P.20131013 (signature 0xfbc00daa)
Number of CPUs detected in this system: 1
Turning on mult-threading, number of parallel sub-compilation jobs: 0 
Determining compilation order of HDL files
Parsing VHDL file "/home/ise/mano_vhd/../ortakk/debounce.vhd" into library work
Parsing VHDL file "/home/ise/mano_vhd/../ortakk/ps2_keyboard.vhd" into library work
Parsing VHDL file "/home/ise/mano_vhd/../ortakk/ps2_keyboard_to_ascii.vhd" into library work
Parsing VHDL file "/home/ise/mano_vhd/memory2.vhd" into library work
Parsing VHDL file "/home/ise/mano_vhd/Display.vhd" into library work
Parsing VHDL file "/home/ise/mano_vhd/clock_divider_1hz.vhd" into library work
Parsing VHDL file "/home/ise/mano_vhd/BasicComputer.vhd" into library work
Starting static elaboration
Completed static elaboration
Fuse Memory Usage: 98560 KB
Fuse CPU Usage: 720 ms
Compiling package standard
Compiling package std_logic_1164
Compiling package numeric_std
Compiling architecture behavioral of entity memory2 [memory2_default]
Compiling package std_logic_arith
Compiling package std_logic_unsigned
Compiling architecture logic of entity debounce [\debounce(8)\]
Compiling architecture logic of entity ps2_keyboard [\ps2_keyboard(50000000,8)\]
Compiling architecture behavior of entity ps2_keyboard_to_ascii [\ps2_keyboard_to_ascii(50000000,...]
Compiling architecture behavioral of entity clock_divider_1hz [clock_divider_1hz_default]
Compiling architecture behavioral of entity Display [display_default]
Compiling architecture behavioral of entity basiccomputer
Time Resolution for simulation is 1ps.
Compiled 18 VHDL Units
Built simulation executable /home/ise/mano_vhd/BasicComputer_isim_beh.exe
Fuse Memory Usage: 117792 KB
Fuse CPU Usage: 780 ms
GCC CPU Usage: 190 ms
