ISim log file
Running: /home/ise/mano_vhd/BasicComputer_isim_beh.exe -intstyle ise -gui -tclbatch isim.cmd -wdb /home/ise/mano_vhd/BasicComputer_isim_beh.wdb 
ISim P.20131013 (signature 0xfbc00daa)
This is a Full version of ISim.
Time resolution is 1 ps
# onerror resume
# wave add /
# run 1000 ns
Simulator is doing circuit initialization process.
Finished circuit initialization process.
# isim force add /basiccomputer/clk 1 -radix bin -value 0 -radix bin -time 5 ns -repeat 10 ns
# isim force add /basiccomputer/clk 1 -radix bin -value 0 -radix bin -time 5 ns -repeat 10 ns
# run 10ns
at 1010 ns(1), Instance /basiccomputer/mem_inst/ : Warning: NUMERIC_STD.TO_INTEGER: metavalue detected, returning 0
# run 10ns
at 1020 ns(1), Instance /basiccomputer/mem_inst/ : Warning: NUMERIC_STD.TO_INTEGER: metavalue detected, returning 0
# run 10ns
at 1030 ns(1), Instance /basiccomputer/mem_inst/ : Warning: NUMERIC_STD.TO_INTEGER: metavalue detected, returning 0
# run 10ns
at 1040 ns(1), Instance /basiccomputer/mem_inst/ : Warning: NUMERIC_STD.TO_INTEGER: metavalue detected, returning 0
# run 10ns
at 1050 ns(1), Instance /basiccomputer/mem_inst/ : Warning: NUMERIC_STD.TO_INTEGER: metavalue detected, returning 0
# run 10ns
at 1060 ns(1), Instance /basiccomputer/mem_inst/ : Warning: NUMERIC_STD.TO_INTEGER: metavalue detected, returning 0
# run 10ns
# run 10ns
# run 10ns
# run 10ns
# run 10ns
# run 10ns
# run 10ns
# run 10ns
# run 10ns
# run 10ns
# run 10ns
# run 10ns
# run 10ns
# run 10ns
# run 10ns
# run 10ns
# run 10ns
# run 10ns
